<?xml version="1.0" encoding="UTF-8"?>
<testsuite name="ohtuesimerkki.StatisticsTest" tests="6" skipped="0" failures="0" errors="0" timestamp="2017-10-31T08:24:15" hostname="fuxi16" time="0.006">
  <properties/>
  <testcase name="palauttaaNullOikein" classname="ohtuesimerkki.StatisticsTest" time="0.002"/>
  <testcase name="palauttaaTyhjänJoukkueen" classname="ohtuesimerkki.StatisticsTest" time="0.001"/>
  <testcase name="palauttaaOikeanPelaajan2" classname="ohtuesimerkki.StatisticsTest" time="0.001"/>
  <testcase name="eiVoiHakeaNollaa" classname="ohtuesimerkki.StatisticsTest" time="0.0"/>
  <testcase name="palauttaaOikeanJoukkueen" classname="ohtuesimerkki.StatisticsTest" time="0.0"/>
  <testcase name="palauttaaOikeanPelaajan" classname="ohtuesimerkki.StatisticsTest" time="0.0"/>
  <system-out><![CDATA[]]></system-out>
  <system-err><![CDATA[]]></system-err>
</testsuite>
